# JRE version: OpenJDK Runtime Environment (11.0.14+9) (build 11.0.14+9-Ubuntu-0ubuntu2.18.04)
# Java VM: OpenJDK 64-Bit Server VM (11.0.14+9-Ubuntu-0ubuntu2.18.04, mixed mode, sharing, tiered, compressed oops, g1 gc, linux-amd64)
Heap:
 garbage-first heap   total 601088K, used 403315K [0x00000000c0000000, 0x0000000100000000)
  region size 1024K, 222 young (227328K), 1 survivors (1024K)
 Metaspace       used 3644K, capacity 5538K, committed 5760K, reserved 1056768K
  class space    used 323K, capacity 562K, committed 640K, reserved 1048576K
GC Heap History (20 events):
Event: 2.706 GC heap before
{Heap before GC invocations=14 (full 1):
 garbage-first heap   total 608256K, used 219368K [0x00000000c0000000, 0x0000000100000000)
  region size 1024K, 56 young (57344K), 7 survivors (7168K)
 Metaspace       used 3262K, capacity 5378K, committed 5504K, reserved 1056768K
  class space    used 302K, capacity 556K, committed 640K, reserved 1048576K
}
Event: 2.794 GC heap after
{Heap after GC invocations=15 (full 1):
 garbage-first heap   total 608256K, used 202984K [0x00000000c0000000, 0x0000000100000000)
  region size 1024K, 7 young (7168K), 7 survivors (7168K)
 Metaspace       used 3262K, capacity 5378K, committed 5504K, reserved 1056768K
  class space    used 302K, capacity 556K, committed 640K, reserved 1048576K
}
Event: 3.122 GC heap before
{Heap before GC invocations=15 (full 1):
 garbage-first heap   total 608256K, used 224488K [0x00000000c0000000, 0x0000000100000000)
  region size 1024K, 29 young (29696K), 7 survivors (7168K)
 Metaspace       used 3300K, capacity 5402K, committed 5504K, reserved 1056768K
  class space    used 306K, capacity 560K, committed 640K, reserved 1048576K
}
Event: 3.194 GC heap after
{Heap after GC invocations=16 (full 1):
 garbage-first heap   total 608256K, used 213736K [0x00000000c0000000, 0x0000000100000000)
  region size 1024K, 4 young (4096K), 4 survivors (4096K)
 Metaspace       used 3300K, capacity 5402K, committed 5504K, reserved 1056768K
  class space    used 306K, capacity 560K, committed 640K, reserved 1048576K
}
Event: 4.531 GC heap before
{Heap before GC invocations=16 (full 1):
 garbage-first heap   total 608256K, used 259816K [0x00000000c0000000, 0x0000000100000000)
  region size 1024K, 49 young (50176K), 4 survivors (4096K)
 Metaspace       used 3300K, capacity 5402K, committed 5504K, reserved 1056768K
  class space    used 306K, capacity 560K, committed 640K, reserved 1048576K
}
Event: 4.553 GC heap after
{Heap after GC invocations=17 (full 1):
 garbage-first heap   total 608256K, used 215215K [0x00000000c0000000, 0x0000000100000000)
  region size 1024K, 1 young (1024K), 1 survivors (1024K)
 Metaspace       used 3300K, capacity 5402K, committed 5504K, reserved 1056768K
  class space    used 306K, capacity 560K, committed 640K, reserved 1048576K
}
Event: 4.639 GC heap before
{Heap before GC invocations=17 (full 1):
 garbage-first heap   total 608256K, used 219311K [0x00000000c0000000, 0x0000000100000000)
  region size 1024K, 6 young (6144K), 1 survivors (1024K)
 Metaspace       used 3300K, capacity 5402K, committed 5504K, reserved 1056768K
  class space    used 306K, capacity 560K, committed 640K, reserved 1048576K
}
Event: 5.185 GC heap after
{Heap after GC invocations=18 (full 2):
 garbage-first heap   total 601088K, used 177882K [0x00000000c0000000, 0x0000000100000000)
  region size 1024K, 0 young (0K), 0 survivors (0K)
 Metaspace       used 3300K, capacity 5402K, committed 5504K, reserved 1056768K
  class space    used 306K, capacity 560K, committed 640K, reserved 1048576K
}
Event: 5.753 GC heap before
{Heap before GC invocations=18 (full 2):
 garbage-first heap   total 601088K, used 245466K [0x00000000c0000000, 0x0000000100000000)
  region size 1024K, 66 young (67584K), 0 survivors (0K)
 Metaspace       used 3578K, capacity 5536K, committed 5760K, reserved 1056768K
  class space    used 322K, capacity 562K, committed 640K, reserved 1048576K
}
Event: 5.754 GC heap after
{Heap after GC invocations=19 (full 2):
 garbage-first heap   total 601088K, used 178206K [0x00000000c0000000, 0x0000000100000000)
  region size 1024K, 1 young (1024K), 1 survivors (1024K)
 Metaspace       used 3578K, capacity 5536K, committed 5760K, reserved 1056768K
  class space    used 322K, capacity 562K, committed 640K, reserved 1048576K
}
Event: 7.042 GC heap before
{Heap before GC invocations=19 (full 2):
 garbage-first heap   total 601088K, used 478238K [0x00000000c0000000, 0x0000000100000000)
  region size 1024K, 294 young (301056K), 1 survivors (1024K)
 Metaspace       used 3634K, capacity 5538K, committed 5760K, reserved 1056768K
  class space    used 322K, capacity 562K, committed 640K, reserved 1048576K
}
Event: 7.043 GC heap after
{Heap after GC invocations=20 (full 2):
 garbage-first heap   total 601088K, used 178042K [0x00000000c0000000, 0x0000000100000000)
  region size 1024K, 1 young (1024K), 1 survivors (1024K)
 Metaspace       used 3634K, capacity 5538K, committed 5760K, reserved 1056768K
  class space    used 322K, capacity 562K, committed 640K, reserved 1048576K
}
Event: 7.940 GC heap before
{Heap before GC invocations=20 (full 2):
 garbage-first heap   total 601088K, used 486266K [0x00000000c0000000, 0x0000000100000000)
  region size 1024K, 302 young (309248K), 1 survivors (1024K)
 Metaspace       used 3636K, capacity 5538K, committed 5760K, reserved 1056768K
  class space    used 322K, capacity 562K, committed 640K, reserved 1048576K
}
Event: 7.941 GC heap after
{Heap after GC invocations=21 (full 2):
 garbage-first heap   total 601088K, used 178056K [0x00000000c0000000, 0x0000000100000000)
  region size 1024K, 1 young (1024K), 1 survivors (1024K)
 Metaspace       used 3636K, capacity 5538K, committed 5760K, reserved 1056768K
  class space    used 322K, capacity 562K, committed 640K, reserved 1048576K
}
Event: 8.627 GC heap before
{Heap before GC invocations=21 (full 2):
 garbage-first heap   total 601088K, used 495496K [0x00000000c0000000, 0x0000000100000000)
  region size 1024K, 311 young (318464K), 1 survivors (1024K)
 Metaspace       used 3636K, capacity 5538K, committed 5760K, reserved 1056768K
  class space    used 322K, capacity 562K, committed 640K, reserved 1048576K
}
Event: 8.628 GC heap after
{Heap after GC invocations=22 (full 2):
 garbage-first heap   total 601088K, used 178162K [0x00000000c0000000, 0x0000000100000000)
  region size 1024K, 1 young (1024K), 1 survivors (1024K)
 Metaspace       used 3636K, capacity 5538K, committed 5760K, reserved 1056768K
  class space    used 322K, capacity 562K, committed 640K, reserved 1048576K
}
Event: 9.341 GC heap before
{Heap before GC invocations=22 (full 2):
 garbage-first heap   total 601088K, used 503794K [0x00000000c0000000, 0x0000000100000000)
  region size 1024K, 319 young (326656K), 1 survivors (1024K)
 Metaspace       used 3636K, capacity 5538K, committed 5760K, reserved 1056768K
  class space    used 322K, capacity 562K, committed 640K, reserved 1048576K
}
Event: 9.343 GC heap after
{Heap after GC invocations=23 (full 2):
 garbage-first heap   total 601088K, used 178080K [0x00000000c0000000, 0x0000000100000000)
  region size 1024K, 1 young (1024K), 1 survivors (1024K)
 Metaspace       used 3636K, capacity 5538K, committed 5760K, reserved 1056768K
  class space    used 322K, capacity 562K, committed 640K, reserved 1048576K
}
Event: 10.103 GC heap before
{Heap before GC invocations=23 (full 2):
 garbage-first heap   total 601088K, used 510880K [0x00000000c0000000, 0x0000000100000000)
  region size 1024K, 326 young (333824K), 1 survivors (1024K)
 Metaspace       used 3636K, capacity 5538K, committed 5760K, reserved 1056768K
  class space    used 322K, capacity 562K, committed 640K, reserved 1048576K
}
Event: 10.105 GC heap after
{Heap after GC invocations=24 (full 2):
 garbage-first heap   total 601088K, used 178035K [0x00000000c0000000, 0x0000000100000000)
  region size 1024K, 1 young (1024K), 1 survivors (1024K)
 Metaspace       used 3636K, capacity 5538K, committed 5760K, reserved 1056768K
  class space    used 322K, capacity 562K, committed 640K, reserved 1048576K
}

